2020.07.15 18:39:04 INFO  started: Metals version 0.9.2 in workspace 'G:\Scala' for client vscode.
2020.07.15 18:39:04 INFO  time: initialize in 0.52s
2020.07.15 18:39:06 WARN  no build tool detected in workspace 'G:\Scala'. The most common cause for this problem is that the editor was opened in the wrong working directory, for example if you use sbt then the workspace directory should contain build.sbt. 
2020.07.15 18:39:06 INFO  no build target: using presentation compiler with only scala-library
2020.07.15 18:39:09 WARN  no build target for: G:\Scala\Assignment-4\q.scala
2020.07.16 00:36:51 INFO  shutting down Metals
2020.07.16 06:18:36 INFO  started: Metals version 0.9.2 in workspace 'G:\Scala' for client vscode.
2020.07.16 06:18:36 INFO  time: initialize in 0.75s
2020.07.16 06:18:38 WARN  no build tool detected in workspace 'G:\Scala'. The most common cause for this problem is that the editor was opened in the wrong working directory, for example if you use sbt then the workspace directory should contain build.sbt. 
2020.07.16 06:18:38 INFO  no build target: using presentation compiler with only scala-library
2020.07.16 06:18:42 WARN  no build target for: G:\Scala\Assignment-4\q.scala
2020.07.16 06:20:57 INFO  shutting down Metals
2020.07.16 13:04:12 INFO  started: Metals version 0.9.2 in workspace 'G:\Scala' for client vscode.
2020.07.16 13:04:13 INFO  time: initialize in 0.68s
2020.07.16 13:04:18 WARN  no build tool detected in workspace 'G:\Scala'. The most common cause for this problem is that the editor was opened in the wrong working directory, for example if you use sbt then the workspace directory should contain build.sbt. 
2020.07.16 13:04:18 INFO  no build target: using presentation compiler with only scala-library
2020.07.16 13:04:22 WARN  no build target for: G:\Scala\Assignment-4\q.scala
Jul 16, 2020 1:04:22 PM org.eclipse.lsp4j.jsonrpc.RemoteEndpoint handleCancellation
WARNING: Unmatched cancel notification for request id 2
Jul 16, 2020 1:04:22 PM org.eclipse.lsp4j.jsonrpc.RemoteEndpoint handleCancellation
WARNING: Unmatched cancel notification for request id 7
Jul 16, 2020 1:04:22 PM org.eclipse.lsp4j.jsonrpc.RemoteEndpoint handleCancellation
WARNING: Unmatched cancel notification for request id 8
Jul 16, 2020 1:04:22 PM org.eclipse.lsp4j.jsonrpc.RemoteEndpoint handleCancellation
WARNING: Unmatched cancel notification for request id 4
Jul 16, 2020 1:04:22 PM org.eclipse.lsp4j.jsonrpc.RemoteEndpoint handleCancellation
WARNING: Unmatched cancel notification for request id 18
Jul 16, 2020 1:04:22 PM org.eclipse.lsp4j.jsonrpc.RemoteEndpoint handleCancellation
WARNING: Unmatched cancel notification for request id 14
Jul 16, 2020 1:04:22 PM org.eclipse.lsp4j.jsonrpc.RemoteEndpoint handleCancellation
WARNING: Unmatched cancel notification for request id 19
Jul 16, 2020 1:04:22 PM org.eclipse.lsp4j.jsonrpc.RemoteEndpoint handleCancellation
WARNING: Unmatched cancel notification for request id 20
Jul 16, 2020 1:04:22 PM org.eclipse.lsp4j.jsonrpc.RemoteEndpoint handleCancellation
WARNING: Unmatched cancel notification for request id 13
Jul 16, 2020 1:04:22 PM org.eclipse.lsp4j.jsonrpc.RemoteEndpoint handleCancellation
WARNING: Unmatched cancel notification for request id 29
Jul 16, 2020 1:04:22 PM org.eclipse.lsp4j.jsonrpc.RemoteEndpoint handleCancellation
WARNING: Unmatched cancel notification for request id 30
Jul 16, 2020 1:04:22 PM org.eclipse.lsp4j.jsonrpc.RemoteEndpoint handleCancellation
WARNING: Unmatched cancel notification for request id 23
2020.07.16 13:04:39 WARN  no build target for: G:\Scala\Assignment-4\q.scala
2020.07.16 13:05:40 WARN  no build target for: G:\Scala\Assignment-4\q.scala
2020.07.16 13:06:03 WARN  no build target for: G:\Scala\Assignment-4\q.scala
2020.07.16 16:08:10 WARN  no build tool detected in workspace 'G:\Scala'. The most common cause for this problem is that the editor was opened in the wrong working directory, for example if you use sbt then the workspace directory should contain build.sbt. 
2020.07.16 16:08:10 WARN  no build tool detected in workspace 'G:\Scala'. The most common cause for this problem is that the editor was opened in the wrong working directory, for example if you use sbt then the workspace directory should contain build.sbt. 
2020.07.16 16:08:15 WARN  no build tool detected in workspace 'G:\Scala'. The most common cause for this problem is that the editor was opened in the wrong working directory, for example if you use sbt then the workspace directory should contain build.sbt. 
2020.07.16 16:08:15 WARN  no build target for: G:\Scala\Assignment-4\q.scala
2020.07.16 16:12:32 WARN  no build tool detected in workspace 'G:\Scala'. The most common cause for this problem is that the editor was opened in the wrong working directory, for example if you use sbt then the workspace directory should contain build.sbt. 
2020.07.16 16:30:33 WARN  no build tool detected in workspace 'G:\Scala'. The most common cause for this problem is that the editor was opened in the wrong working directory, for example if you use sbt then the workspace directory should contain build.sbt. 
2020.07.16 16:30:48 WARN  no build target for: G:\Scala\Assignment-4\q.scala
2020.07.16 16:32:37 WARN  no build target for: G:\Scala\Assignment-4\q.scala
2020.07.16 16:32:52 WARN  no build target for: G:\Scala\Assignment-4\q.scala
2020.07.16 16:35:39 WARN  no build tool detected in workspace 'G:\Scala'. The most common cause for this problem is that the editor was opened in the wrong working directory, for example if you use sbt then the workspace directory should contain build.sbt. 
2020.07.16 17:17:29 WARN  no build tool detected in workspace 'G:\Scala'. The most common cause for this problem is that the editor was opened in the wrong working directory, for example if you use sbt then the workspace directory should contain build.sbt. 
2020.07.16 17:18:24 WARN  no build target for: G:\Scala\Assignment-4\q.scala
2020.07.16 17:18:59 WARN  no build target for: G:\Scala\Assignment-4\q.scala
2020.07.16 17:20:15 WARN  no build tool detected in workspace 'G:\Scala'. The most common cause for this problem is that the editor was opened in the wrong working directory, for example if you use sbt then the workspace directory should contain build.sbt. 
2020.07.16 17:20:17 WARN  no build target for: G:\Scala\Assignment-4\q.scala
2020.07.16 17:22:57 WARN  no build tool detected in workspace 'G:\Scala'. The most common cause for this problem is that the editor was opened in the wrong working directory, for example if you use sbt then the workspace directory should contain build.sbt. 
2020.07.16 17:23:08 WARN  no build tool detected in workspace 'G:\Scala'. The most common cause for this problem is that the editor was opened in the wrong working directory, for example if you use sbt then the workspace directory should contain build.sbt. 
2020.07.16 17:23:08 WARN  no build tool detected in workspace 'G:\Scala'. The most common cause for this problem is that the editor was opened in the wrong working directory, for example if you use sbt then the workspace directory should contain build.sbt. 
2020.07.16 17:23:08 WARN  no build tool detected in workspace 'G:\Scala'. The most common cause for this problem is that the editor was opened in the wrong working directory, for example if you use sbt then the workspace directory should contain build.sbt. 
2020.07.16 17:23:08 WARN  no build tool detected in workspace 'G:\Scala'. The most common cause for this problem is that the editor was opened in the wrong working directory, for example if you use sbt then the workspace directory should contain build.sbt. 
2020.07.16 17:23:11 WARN  no build tool detected in workspace 'G:\Scala'. The most common cause for this problem is that the editor was opened in the wrong working directory, for example if you use sbt then the workspace directory should contain build.sbt. 
2020.07.16 17:23:27 WARN  no build target for: G:\Scala\Assignment-4\q.scala
2020.07.16 17:23:56 WARN  no build target for: G:\Scala\Assignment-4\q.scala
2020.07.16 18:56:35 INFO  shutting down Metals
